<?xml version="1.0" encoding="UTF-8"?>
<Site BuildName="(empty)"
	BuildStamp="20250627-1714-Experimental"
	Name="(empty)"
	Generator="ctest-4.1.0-rc1"
	CompilerName=""
	CompilerVersion=""
	OSName="Windows"
	Hostname="HP-OMEN-15"
	OSRelease=" Professional"
	OSVersion=" (Build 19044)"
	OSPlatform="AMD64"
	Is64Bits="1"
	VendorString="AuthenticAMD"
	VendorID="Advanced Micro Devices"
	FamilyID="15"
	ModelID="0"
	ModelName="AMD Ryzen 5 5600H with Radeon Graphics"
	ProcessorCacheSize="64"
	NumberOfLogicalCPU="12"
	NumberOfPhysicalCPU="6"
	TotalVirtualMemory="18500"
	TotalPhysicalMemory="15715"
	LogicalProcessorsPerPhysical="2"
	ProcessorClockFrequency="3301"
	>
	<Testing>
		<StartDateTime>Jun 27 20:14 RTZ 2 (зима)</StartDateTime>
		<StartTestTime>1751044477</StartTestTime>
		<TestList/>
		<EndDateTime>Jun 27 20:14 RTZ 2 (зима)</EndDateTime>
		<EndTestTime>1751044477</EndTestTime>
		<ElapsedMinutes>0</ElapsedMinutes>
	</Testing>
</Site>
